<?xml version="1.0" encoding="UTF-8"?>
<!-- Generated by org.testng.reporters.JUnitReportReporter -->
<testsuite hostname="ancliffedesktop" failures="0" tests="1" name="tests.AutomationPractice" time="31.514" errors="0" timestamp="2022-01-05T07:49:00 AST" skipped="0">
  <testcase classname="tests.AutomationPractice" name="createAccountFails" time="31.514"/>
  <system-out/>
</testsuite> <!-- tests.AutomationPractice -->
